c:\users\karlos\documents\visual studio 2017\c++ next\sfml_project\sfml_project\x64\debug\vc141.pdb
c:\users\karlos\documents\visual studio 2017\c++ next\sfml_project\sfml_project\x64\debug\vc141.idb
c:\users\karlos\documents\visual studio 2017\c++ next\sfml_project\sfml_project\x64\debug\unit.obj
c:\users\karlos\documents\visual studio 2017\c++ next\sfml_project\sfml_project\x64\debug\tile.obj
c:\users\karlos\documents\visual studio 2017\c++ next\sfml_project\sfml_project\x64\debug\source.obj
c:\users\karlos\documents\visual studio 2017\c++ next\sfml_project\sfml_project\x64\debug\projectilehandler.obj
c:\users\karlos\documents\visual studio 2017\c++ next\sfml_project\sfml_project\x64\debug\projectile.obj
c:\users\karlos\documents\visual studio 2017\c++ next\sfml_project\sfml_project\x64\debug\player.obj
c:\users\karlos\documents\visual studio 2017\c++ next\sfml_project\sfml_project\x64\debug\options.obj
c:\users\karlos\documents\visual studio 2017\c++ next\sfml_project\sfml_project\x64\debug\map.obj
c:\users\karlos\documents\visual studio 2017\c++ next\sfml_project\sfml_project\x64\debug\gamehandler.obj
c:\users\karlos\documents\visual studio 2017\c++ next\sfml_project\sfml_project\x64\debug\enemyhandler.obj
c:\users\karlos\documents\visual studio 2017\c++ next\sfml_project\sfml_project\x64\debug\animation.obj
c:\users\karlos\documents\visual studio 2017\c++ next\sfml_project\sfml_project\x64\debug\enemy.obj
c:\users\karlos\documents\visual studio 2017\c++ next\sfml_project\sfml_project\x64\debug\debrishandler.obj
c:\users\karlos\documents\visual studio 2017\c++ next\sfml_project\sfml_project\x64\debug\debris.obj
c:\users\karlos\documents\visual studio 2017\c++ next\sfml_project\sfml_project\x64\debug\collisionhandler.obj
c:\users\karlos\documents\visual studio 2017\c++ next\sfml_project\x64\debug\d.ilk
c:\users\karlos\documents\visual studio 2017\c++ next\sfml_project\x64\debug\d.exe
c:\users\karlos\documents\visual studio 2017\c++ next\sfml_project\x64\debug\d.pdb
c:\users\karlos\documents\visual studio 2017\c++ next\sfml_project\sfml_project\x64\debug\d.tlog\cl.command.1.tlog
c:\users\karlos\documents\visual studio 2017\c++ next\sfml_project\sfml_project\x64\debug\d.tlog\cl.read.1.tlog
c:\users\karlos\documents\visual studio 2017\c++ next\sfml_project\sfml_project\x64\debug\d.tlog\cl.write.1.tlog
c:\users\karlos\documents\visual studio 2017\c++ next\sfml_project\sfml_project\x64\debug\d.tlog\link.command.1.tlog
c:\users\karlos\documents\visual studio 2017\c++ next\sfml_project\sfml_project\x64\debug\d.tlog\link.read.1.tlog
c:\users\karlos\documents\visual studio 2017\c++ next\sfml_project\sfml_project\x64\debug\d.tlog\link.write.1.tlog
